<?xml version="1.0" encoding="UTF-8"?>
<testng-results ignored="0" total="1" passed="1" failed="0" skipped="0">
  <reporter-output>
  </reporter-output>
  <suite started-at="2022-12-27T15:53:41 IST" name="Default suite" finished-at="2022-12-27T15:55:06 IST" duration-ms="85213">
    <groups>
    </groups>
    <test started-at="2022-12-27T15:53:41 IST" name="Default test" finished-at="2022-12-27T15:55:06 IST" duration-ms="85213">
      <class name="Test.LoginTest">
        <test-method signature="loginTest()[pri:0, instance:Test.LoginTest@5ffead27]" started-at="2022-12-27T15:53:41 IST" name="loginTest" finished-at="2022-12-27T15:55:06 IST" duration-ms="85022" status="PASS">
          <reporter-output>
          </reporter-output>
        </test-method> <!-- loginTest -->
      </class> <!-- Test.LoginTest -->
    </test> <!-- Default test -->
  </suite> <!-- Default suite -->
</testng-results>
